9274391473 MQQC
1161439672 MQ
2843873639 MQQCC
9686495873 MQQCCCQCCQQ
9969197631 MQCC
6153729218 MQQCQCCQC
3289196529 MQCCCQ
7176711328 MQCCQCCCQCCC
5638967912 MQCCCCQCCQCCCC
9562116445 MQCCCQ
7771682883 MQCC
6193575962 MQCCCQCCCCQCCC
3942977474 MQCCCQCQQCCCCQCC
5599157399 MQCCCCQCCQCC
8428727543 MQCCQCCQQCCC
9912871436 MQCCCQCC
5931439832 MQCCCCQCCCCQC
6576345519 MQ
5255345255 MQCCCQCCQCCCCQCC
7945934846 MQQCCCC
9534188898 MQQCCCCQCCCCQ
2623742223 MQCQQ
2172161567 MQCCQCCCQCCC
4445857771 MQQCCCCQCCCC
6384478357 MQCCQCCCCQCCCC
8345748843 MQCCCCQCCCCQCCCCQCCCCQ
9448398235 MQCCCCQ
4336275647 MQCCCCQQCQCCQCCC
5343519557 MQCCQCCCC
3629994619 MQCCQCCCQCQCCCCQC
5991192681 MQCC
4418345511 MQCQCCCQCCC
9869661795 MQCCQC
3613326948 MQCCC
5227796736 MQCCQCCQCCQCCCCQC
6599198438 MQCQCCCCQCCQCCCCQ
3214369116 MQQCCQQC
8947555133 MQCCCQCCC
1336434898 MQCQCCC
7235831971 MQCCCC
2593258977 MQCCC
4861326783 MQCCCQCCCCQCQQCCC
4952826873 MQCCQCQ
1134616757 MQCCCQC
1184199354 MQCC
5766572497 MQCCCQCC
7924841783 MQCCCCQCCQCCCC
7318673651 MQCCCCQCCQCCCC
5899388992 MQCC
3799888666 MQCCCQC
7246156189 MQCCCCQCCQCCQCCCCQ
1595143886 MQCCCCQCCQC
8332157686 MQQQCCCCQQCC
6831637267 MQCCCQC
1547849322 MQCCCQ
2759881832 MQCCCCQCQCCCCQC
1763333964 MQQCCCCQCQCCCCQC
8216337696 MQCCCQCQC
8551144195 MQCCCCQCCC
8493449539 MQCCCC
7277336964 MQCCQCQCQ
3354317783 MQCCCCQCC
7851299411 MQCCCCQCCCQ
2138829944 MQCQQCCQCCCQCC
2546739161 MQCCCQCQCCQCCCCQ
5935878878 MQCCQCCCQ
7236934586 MQQCCQ
5745298361 MQCCQCQCCCCQC
9542599114 MQCCCCQQCCCC
5374155317 MQCCCCQCCC
3278368815 MQCCQQ
4583854442 MQCCCCQC
7779913143 MQQCCC
4917799794 MQCQCQCCCCQCCQ
5535779327 MQCCCC
6363915518 MQCCCQ
7344965735 MQCCCQQCQCC
1474847787 MQCQCQC
9553693423 MQCCCQC
1269844599 MQCCCCQCCCCQCQCCQCCC
5554653913 MQCQCCCCQCCCQQ
4723535626 MQCCQCCCCQCQCCCCQ
4825161324 MQCCCQCQCCCQ
4359466767 MQQCQCCCC
4145271763 MQCQCCCCQCC
2336965472 MQQCCCC
4966825167 MQCQCCCCQCCC
5345963393 MQQCCCCQCC
5882812433 MQCCCQCCQC
1293276558 MQCCQ
4257947438 MQQQCC
5442483114 MQQCCCCQCCQC
1279317174 MQCCQCCCC
4847595231 MQCCCCQCCCCQQ
3813283673 MQCCQCCCC
5831287431 MQCCQCCQCCCCQC
2523126871 MQCCQCCCC
5737453956 MQCCCCQCCQ
2496426688 MQCC
3837454298 MQC
7153417554 MQCCQCCQCCC
8266958277 MQC
2993557968 MQQCCQCCQQCC
1473268553 MQCCCC
1188611864 MQCCQCCQCCQCCC
6818353459 MQCCCQCCQCQCCC
2154943813 MQCQCCCC
6932643359 MQCCCC
1523154134 MQCQCQQCCC
7359457596 MQCCQCCQCCCC
2991635866 MQCQCCC
4792847211 MQCCQ
2648881726 MQCCCCQCCCCQCCCQCQCCC
3218422439 MQCCCQCCCQQCCCQC
3597992773 MQQC
3181486773 MQ
9511799187 MQCCCCQCQ
1981877428 MQCCC
4126713723 MQCQCCQCCCCQCQCCC
2184731863 MQCCCQCCCQCCCC
7548983715 MQCQCCQCC
3269534143 MQCQC
4858437697 MQQCQQCCCQ
8519156722 MQQCQCCCCQCCCCQC
6432115576 MQCCCQQCCCQCC
6593749113 MQQCQCCCC
1647932324 MQCCC
9725782366 MQCCCCQCCCCQCCCCQCCC
4357623525 MQCCQCCQCCCQCC
6216453781 MQCCQCCCC
2523474841 MQCCCQCCCCQ
1386497356 MQCCCC
9985667935 MQCQQCCCCQCQC
9842761299 MQ
1378489561 MQCCCQC
6729311269 MQQCCQCCQCCC
2757442683 MQCC
6221148634 MQCCQCCCQCC
7522587228 MQCCQCQCCCCQ
5856142188 MQCCCCQCCQCQCCCC
7592944768 MQCCCC
4711662769 MQCCQ
8151836731 MQCQQCCQCCC
6369496414 MQQCCCQCCC
2465825547 MQQCCC
9329561631 MQCQCCCCQCCCQC
1932885539 MQQCCCQCCCCQCCQCCCC
1554791431 MQCC
2963896127 MQCCCCQQCCCCQCQCCCC
8435216224 MQCCQCCQCCCQQC
6472541461 MQCQQCCC
6548887382 MQCCCCQQCCQCCCCQC
5295917545 MQCCCCQQCCCQ
6158391389 MQCCCCQCCCQCCCCQ
9296964784 MQC
8228538923 MQC
3196547188 MQCCCQCCQCQCCCC
6648525799 MQCCCCQCCCC
1415516177 MQCCCCQCCCC
8833491611 MQCCCQ
5119791851 MQCCCCQCCQCCCCQ
7381765659 MQQCCCQC
5556674484 MQCCCCQ
6273946798 MQC
6555976317 MQCQCCCCQCCQCCC
5964268546 MQCCCQCQQCQCCCC
2437141264 MQCCCCQCQCCCC
7249896643 MQC
2782298375 MQCCQC
1147773649 MQCCCCQQCQCCCCQCC
5416725567 MQCCCQCCC
5857397616 MQCQCCQQCCQ
9721977948 MQC
5616283165 MQQCCCC
3866782986 MQCCCCQ
5485385432 MQCC
2768319752 MQC
3746392474 MQCCCCQCCCC
4115593582 MQCCCQCQCCC
4718815858 MQC
7196755718 MQCCQ
3348268257 MQCCCQCQCCCQCQCCC
7454669251 MQQCCQQCCCC
2277566431 MQCCCCQQ
8444621375 MQCCCCQCC
8223353615 MQCCQCCC
6184186531 MQCCQQCCQCQCCC
9924779874 MQC
8377828517 MQCCCQCCCCQCCCCQC
9741564848 MQCCCQC
6793578837 MQCCQCCCQCCCC
8426178562 MQCCCC
1876477183 MQCQC
1643455496 MQCQC
2911866534 MQCQCQCC
6193253297 MQCCQCCQC
7885175649 MQCQ
1966823315 MQCQCCCQ
9324398298 MQQCCQCCCQCC
6246431183 MQCC
1895911414 MQCCC
4482311746 MQCCQCCCQCCCC
5497744172 MQCCCCQCQCCCQCCQCC
7173325836 MQCCQCCCCQCCQCCCQCCC
5181761895 MQCCQCCCQCCCCQCCC
3612789159 MQCQCCCC
8529971335 MQQCCQCCCQCCCQCC
8914333998 MQCCCCQCQCCCCQQ
5575672246 MQCCC
7782562413 MQCCCCQQ
8758533824 MQCCCQQC
6418198485 MQCC
3157244584 MQCCC
6578679555 MQCC
2558482784 MQCCCQCQCCQCCCCQ
5528413216 MQCCQCC
6438926394 MQCCQCCCCQCQCCCCQCCC
3763784331 MQCCC
9548815639 MQCQCCCQCCCQCC
6213859821 MQCQCCQQCCCQCCC
1599262473 MQCCCQQQCCCCQCC
9654473237 MQC
9896849288 MQQCCQC
5959672914 MQCCCC
2361669471 MQCCCQQCCCC
9752797772 MQQCCCCQCCQC
2351416537 MQCCCC
7949241454 MQCCCC
2133511469 MQQCCCQCCCQCCC
4624723673 MQCCCQQCC
9324828915 MQCQQCCCQCCCCQCC
6955281521 MQCQCCC
4261181326 MQ
8992654994 MQQCQCCCC
2483514525 MQCCQCCC
8722534333 MQQCCQC
8522642185 MQC
2361153874 MQC
7677114323 MQCCCCQCQCQCCCCQCC
7133289886 MQQCCCCQCQQC
5817154331 MQCCCCQQCCCCQQCCCC
4177462629 MQCCCCQCCC
1215646494 MQCCC
3287927882 MQCC
9981998772 MQCCQCQQCC
6932578649 MQCCCQCCQQC
4466827574 MQCCC
6773823634 MQCCQCQC
9175141151 MQCCCQCCCC
5636537457 MQCCCCQCCCCQC
8743346868 MQCCCCQCQC
8698329392 MQCQCCCC
1352217585 MQCCQCC
4481126182 MQCCCCQCCCCQCC
8678924462 MQCQCCC
2445219154 MQCQ
6534783512 MQCCCQCCCQCCQC
8453156622 MQQCCQCCC
8982994523 MQQCCCCQCCQCCCQCCC
2864883883 MQQQCCCQ
9199164564 MQCCCQ
7654645231 MQCCC
8986496546 MQ
8611481226 MQQCCCCQCCCC
4758664866 MQCCQCCCCQCCQCCCQ
6424887614 MQCCCCQQCC
8963998941 MQQQCCCCQCCQ
5598743328 MQQCQCCQ
4387448565 MQCCQQCCCCQC
5795213796 MQCCCC
7179774143 MQCQCQCCCQCCCQCCC
6442594225 MQC
1778499245 MQCCCQCC
3961896749 MQQCCCC
5458788931 MQCCCQCQCC
5965373757 MQCCCCQCCCCQC
7475883229 MQQCCCQCQCC
6457342674 MQCQCCC
2563661877 MQQCCCCQCCCCQCCCQCC
1926863765 MQCCQCCCQCCQCCCC
3657229928 MQCQCCQCC
1774386987 MQCCCC
6932938557 MQCCCCQCCQCCCQQC
1434671947 MQCCCCQCCQCCQCCC
5222177525 MQCCCQCQCCCQCCCQCCCC
4962795466 MQQQCCCQCCC
6589615427 MQCQCCQ
5426342427 MQCCQCCCCQQCCCC
4283985295 MQQQQCCQCC
8796651738 MQCCCQCQCQQC
1338931913 MQCQCCQCCCCQQCCC
4636768225 MQCCCCQCCCCQCQC
2596347661 MQCC
4335761596 MQCCCQCCC
2678242517 MQCCCC
7745273127 MQQCCCQCCCC
1548248689 MQCC
3514969227 MQCCC
6425218427 MQC
2144465967 MQCQCQCQCQ
6846242386 MQCCCCQ
3658183718 MQQCCCCQCQQ
6294298922 MQCCCCQCCCC
6553292652 MQ
2916246675 MQCCCC
3539651371 MQCCCQCCQCCCQCC
5342961848 MQQCCC
4364441347 MQCCCCQCCC
7329972248 MQ
1562415837 MQC
1331641465 MQCQC
5723484217 MQQCCCC
4523663112 MQCQCCCQCCCC
7863451943 MQCCQCCCCQQCCCCQ
6847558396 MQCQCCQCQ
3872952257 MQCCCCQC
1183766899 MQCCQQ
3545521245 MQCCQCCCCQCC
9873333242 MQCQCCQCCC
3263166352 MQQCCQCCCCQC
4161634429 MQCQCCCC
7542277292 MQCCCCQCQCQCC
3871993341 MQQQCCCCQC
8912369793 MQCCCQQCCCQCC
7841545324 MQCCQCCCCQCCQC
2923719655 MQCQCCC
6224772399 MQCCCQ
8757353329 MQCCCCQCCQCCCCQCCCQCC
8159791632 MQCCCQC
5284842676 MQCQCCCC
6449196286 MQCC
6831767562 MQCCQCCCQCCQCCCCQ
8713544258 MQQCCCCQCCCQC
9972431122 MQCCQCCQQCCC
3117345956 MQCCCQC
4962349542 MQCCCCQCCCCQCQCCCCQCCC
7388518676 MQC
1195275827 MQQCCCQCCCQCCCQCC
5566962518 MQCCQCQCCCQQCCC
2625617593 MQQCCCQCCCQCCQ
3928678597 MQC
1876914352 MQCQCQCQCCC
1668264399 MQCCCC
6873225312 MQCCCQCCCQQCCCC
9812115847 MQCCCCQCCQCCQC
8428517824 MQCQ
6217364659 MQCQCCQCCCCQCCCQ
6737169783 MQCQCCCCQCCCQCCCCQC
3995511758 MQCCCQCQCCQC
8399723442 MQ
8413168946 MQCQQ
5359713341 MQCCCC
2874971134 MQQCCCQCCC
1486125728 MQCQCQCQCCCC
4941661972 MQCCCC
1425418699 MQCCCCQCCQCCQCCC
4421269338 MQCCCCQCQCCCC
8314423848 MQCCCQCCCCQCCCQCCCQCCC
4579156287 MQCCCCQCQQCCCC
6662163864 MQCCCQCC
1211816348 MQQ
3438298227 MQQCCCQCCCCQCCCC
3351988993 MQCCQCCCCQCCC
8258566881 MQCCCCQQCQCCC
4745166954 MQQCCCC
8155782788 MQCCQCCCQCCCC
2571512935 MQ
7973613928 MQCCCQCQCCCQCCC
1816728776 MQQQCQCCQCC
1724672119 MQCCCCQCCCCQCCCQCCQCCCC
2642488445 MQCCCCQQCCCQCQCCC
5781186279 MQQQCC
7264789686 MQQCQCCCQQCCC
2971223328 MQCCCCQCC
3536693515 MQQCCCC
7226286646 MQCCQCCCC
9758445448 MQQCQC
9577713461 MQQCCCQCCCCQCQCC
2269339534 MQCCQ
6139327766 MQCCQCCQCCQC
6621358294 MQCCCCQQ
9382873921 MQQCCCQCCCQCC
7775927576 MQCC
1992297162 MQCCCQCQQCCQCC
3137212413 MQCCCC
4814346138 MQCCQCC
8611126829 MQCCQC
9189431799 MQCC
9714651752 MQCQCCQCQCQ
7895755624 MQCQCCC
7682785729 MQCCQQCCQC
9636832297 MQCCQCCCC
5238717854 MQCCCCQCQ
2623211193 MQCCQCCCC
5312533664 MQ
6465378211 MQCCCCQ
8598285841 MQCCCQCCQCQCCCC
6935997979 MQCCC
1212143584 MQCCCQCCQCQCCCQ
7349189255 MQQC
6181142167 MQ
8187988346 MQCCCQCCC
2789866456 MQCCCQCC
1386284782 MQQCCCCQ
6131931132 MQCCCQC
7376956816 MQCCQCCCCQCCCCQ
6898229285 MQCCQCCCQCCCQCCCCQC
3519169328 MQCCCQCQCCCC
8967574217 MQCCCQCQ
9363122799 MQCCCCQ
6184793381 MQCQCCCQC
5211542368 MQCQQCC
2759499297 MQC
5875376286 MQCCCCQCCCCQCCCCQCCC
2638132989 MQCQCCC
3291991247 MQC
9385831528 MQCQCCQ
4316156422 MQCCCQCCQCQ
1894816974 MQCCC
7996145386 MQQCCQCQC
7599513144 MQCCQCCCCQCC
4527944528 MQQCQQCC
4955824256 MQQCCCCQC
3215797976 MQCQCCQCQCC
6874813242 MQQC
2357579237 MQCQCCCCQCCQCCCCQCCCC
8798476379 MQCC
7589137444 MQCCCQQCCCCQC
5643242239 MQCCQCCCC
7636273852 MQCCCQCCCCQCCCQCCQCCCC
1191524466 MQCCQCC
5595689617 MQCQ
8679464346 MQQQCQ
8895494598 MQCCCQCCCCQCCC
1575889656 MQCC
8493774386 MQCQCQCCCCQCCQCCC
3224985257 MQCQQCCCC
5255977794 MQCCCCQCQ
1385863968 MQCCCCQQCCCQC
9868856383 MQCCCC
5234989641 MQCQCC
4993582465 MQCCCCQCC
8831139929 MQCQCQCCCQQCCCC
5572459617 MQCQCCCQCCCCQCCQC
7256542413 MQCCCCQCQCCC
4549565727 MQCQCQCCCCQCCC
3298211847 MQCCQCC
4228647422 MQCCQCQQ
1512161976 MQCCCQQCC
3451444335 MQCQC
6136358131 MQCCCC
9571696498 MQQC
4517391367 MQ
3864574538 MQQCCCCQCCQCQ
8765428279 MQCCCC
1711771845 MQQCQQCCCQC
7955222949 MQQCCCCQCCCCQCCC
6697327193 MQCCQCCCQCCC
5523166137 MQCCQQCQCC
9738639422 MQCQCCCCQCQCCCCQCCCC
7662956912 MQCCCCQQC
9861174272 MQQQCCCC
8441111863 MQCCCCQCQ
2415784238 MQCCCCQCQCCCCQ
9329667848 MQCCCCQCC
7989879254 MQCCCC
1769924571 MQCCQCCCCQCCQCCQCCCC
1155968353 MQCCCCQQCCCCQCQCC
9319589348 MQCQCCCQC
6342936972 MQCCC
9745774863 MQCQCC
4253689171 MQCQCCCCQQCC
7623488498 MQQCCQCCCQC
3366821539 MQCCCQCQCCCQCCC
9888763548 MQCQCCCQC
7276881531 MQCCCCQCCCCQCCC
3778561772 MQCCQCCCQCCCCQCCC
7536836173 MQQCQC
4235691932 MQCCQQCC
5143512841 MQCQCCQCCQCC
6919927195 MQCCQQCQ
3694525178 MQCCCQCC
5262695596 MQCCCQCCCCQCCQCCQC
2357985284 MQCQCCCQCCQCC
6691325385 MQCCC
3314236187 MQCCCCQCCQCCCCQCCCCQCC
4887295762 MQCCCQCCC
9468374139 MQCCCQQCCC
9599842662 MQCCCCQCCQCC
8412732822 MQCCQCQ
2126748965 MQCCCCQCQQCCCQC
6491634969 MQCQCCQCC
6957949379 MQCCQCQCCCQ
5914228988 MQQCQCCCCQC
4658951774 MQCCQCCCQCCCQCCCCQC
2439327483 MQCCCCQ
9282955824 MQCCCCQCCCCQ
5251666297 MQCCCQCCCQQCCCQCCC
7174964882 MQQ
2765938966 MQQCCQCCQQ
7216887397 MQQCQCCCQCQC
5192634644 MQCQCCCQCCQCCCQCCC
7723484957 MQCCCQCCCQ
1849433247 MQCCCCQCCCQCQCQCCCC
7175556931 MQCCCQCCQQCCC
6431762563 MQCCCCQCCCCQCCCCQCCC
8163959945 MQCCCQCCQCCC
8418259336 MQQ
3543495944 MQ
7647582949 MQCCCC
1317774196 MQQCCQQCQCCCC
5979616926 MQQCCCQCCQCCC
3584638452 MQCCCCQCCCQCCCQCCCCQCCCC
8489546188 MQCCQC
4929773626 MQC
8334649368 MQQCCC
5367419639 MQCCQCCCQCCCCQCQCC
6755769837 MQCQCCCCQ
4647182214 MQCCCC
4168318963 MQCC
1652239675 MQCCCCQCQCCCQQCC
3688531662 MQ
7568199945 MQC
8657483337 MQCQCCQCCCQCCCC
1666557792 MQQCCCCQQCQCCC
8998819246 MQCC
5622298739 MQCCCQCCCQCQCQCC
5659731773 MQCCCCQCQCCCQCCC
1975793595 MQQCCCQCCQC
5478141987 MQCCQCCCCQCCCCQQCCC
7672893986 MQQ
9848952421 MQCCCQC
5695597544 MQ
2822627769 MQCCQCQCQCCCCQCCC
2572972342 MQCCC
1934195866 MQCCCCQCCC
7794367242 MQC
1448689162 MQCCCQQCCCQCCCCQCCCC
8949668563 MQ
4896533534 MQCCCQCC
3162688422 MQCCCCQCCCCQQ
7922652623 MQCCC
7144993158 MQCQ
8196365388 MQCCCC
9914441416 MQCCCC
3578231659 MQCCCCQCCC
3913193196 MQCCCQCQCCQCCCCQC
3373546229 MQCCCCQCC
3735277324 MQCCCQCCCQCCQCCCCQCC
5643638529 MQCCCCQCCCQCCCQCCCCQCC
2531436643 MQCCC
4395366559 MQCCCQCCCCQC
9796125375 MQCCQC
9522736428 MQQC
6695737544 MQCCCCQC
1853659192 MQCCQC
9769662311 MQCQCCCCQCCCC
3718895558 MQ
9173313237 MQ
5914141945 MQCCCQCCCCQCCCQCCQC
3624433924 MQQCCCQCQC
7793774191 MQCCCQQCCC
7397276428 MQ
1164826287 MQCCCCQCCCCQQCCCC
5565965651 MQ
6851598364 MQCCC
7377453124 MQQCCCQQCCCCQC
1226955831 MQ
4942618613 MQCCCC
4571917381 MQCQCCCCQC
1912727821 MQQQCCQ
4985482151 MQCQCCCCQQCC
4126126159 MQCQCCC
1675977657 MQCQQCQQ
2873825448 MQCCCCQCCCCQCCQCQC
9616367834 MQQC
4541153455 MQCCCCQCCCCQC
7873442931 MQCCCCQCC
5295591531 MQCCCQC
6515935982 MQQCCCCQCCQCCCCQCC
5156486276 MQCCCCQCCC
1264489816 MQCQQCCCCQCC
2595592713 MQCCCCQCQCCCQCCC
7317874672 MQQCCCQCCCC
9487713474 MQCCQCCCCQCCQCCQ
5624957859 MQCCCQCC
3614668546 MQCQCCQCCCQ
7393976541 MQCCCQCCCCQCCC
7377563456 MQCCCC
1432614175 MQCQCC
5669881391 MQCCC
8747747825 MQCCQCCQ
4191499633 MQCCQCQQCCCCQ
7946429376 MQQCC
5851938556 MQCQQCCCQCCCQC
6542467839 MQQCCQCCQ
2256255115 MQCCCCQCCCCQCQCCQC
4752616999 MQCCQCQCC
5864748873 MQQCCCCQCCC
8441727396 MQCC
8423213957 MQCCQCCCQCCCCQCCQ
6465594678 MQCCCQCCCQCC
1652654333 MQCCCQCCCQCCQCCCQC
8598918884 MQCC
2541438182 MQCCCCQCCCCQCCCQC
1767784273 MQCCCCQCCCQCCQCCCCQCCC
4917117414 MQCCCCQQCCCCQCQ
9148389731 MQCCCQCCCQQCC
4118691778 MQC
9294137354 MQCCQCCCCQCQCCCC
7472775839 MQCCC
5475328751 MQQCQCCCQ
5553191163 MQCCCQCCCCQCCC
8413848454 MQCCCQCCCQCCQCCCC
2776759444 MQCCCCQCCCCQCCQCQCCCC
4864937624 MQCQCCCQC
4584789299 MQCQCCCQCQCCQCCCC
1484412216 MQCCCQQCCCCQ
1547256958 MQCCC
2518965367 MQQQCQQCCCC
9327926881 MQ
4598616529 MQQCCC
3627256923 MQCQCCQQCCCQCC
2722854195 MQQCQCCCCQCCCCQCCCC
4641198223 MQQ
2412315676 MQQQQCC
9812244814 MQCCCCQCCCCQCQCCCCQCCC
3314985615 MQQCCQCCCCQCCCCQCC
6946113983 MQC
6152557598 MQCCCQQCCC
5988123137 MQCC
4691456727 MQCCQCCCCQCQCQCCCC
5784686869 MQCQC
6798186534 MQCCCCQCCCQCQCCQCCC
4144329199 MQQCCCQCQ
3164295335 MQCCQCCCCQ
1412911736 MQCCCQCCCC
4587831756 MQQCCQC
2467313651 MQCQCCCC
5577144611 MQCCQCQCCCCQ
7479696916 MQCCCQCCQQCCCQCC
1332454436 MQCCC
6913641379 MQC
3371847785 MQCQCC
8237691313 MQCCCQCQCCC
7468163322 MQQCCCQCCCQCCCCQ
2971512667 MQCCCCQC
7147185164 MQCCCC
3273119244 MQCCCQCCCCQCCCQCCCCQ
9246746836 MQCQCCCQCCCQCCCQCC
4338965335 MQQCQCCCCQ
2752796376 MQCQCCQCCQCCCC
5433211437 MQCCC
7474429689 MQCCCQCCCC
4959857792 MQCCQQCCCC
1817996115 MQCCQ
2235693168 MQCQCCQCCQCCC
5625652946 MQC
7665821296 MQQQCCQC
5861774831 MQCCQQCCCCQCCCC
1782562562 MQCQCCCC
4974322138 MQCCC
8828463191 MQCC
4667684949 MQCCC
3587441934 MQC
7257156693 MQQCCCC
1891144422 MQCQCCCQQ
1861721161 MQCQCCCCQCCQCC
8178165533 MQCQCCCQCQCCC
4451494881 MQCQCQC
5793897647 MQCCQCQCCCCQCC
1658376387 MQCCQC
6833188591 MQCCCCQCQQCCCQCC
5179557113 MQCCCQCCCQCCQCC
2741899162 MQCCCQCQC
5372521641 MQCCCCQCQCCCQCCC
7268732134 MQ
1826711288 MQCCCQ
5523816487 MQCCQCQCCQCCQ
5961811773 MQ
7392984717 MQCQCCCC
2111644572 MQCC
3736581952 MQCCCCQCCQQCCQC
9892641164 MQQCCCQCQCCQC
6837567826 MQCQCCC
5849184794 MQCQCQCCCQCCQC
6921978923 MQCCCQCCQ
2232586778 MQC
9917436988 MQCQCCQCQCCCC
6621592873 MQCCCQ
6833272274 MQCQQCCCQC
5744554744 MQCCCQCCQ
9517665533 MQCCQCCCQCCCQCCCQCCCC
1811564696 MQCCCCQCCCQCC
7395795237 MQCCCCQCCCQCCCCQQCCC
1787346525 MQCCCC
2677736383 MQCCCCQCQCQCCQCC
9996251182 MQCCCQQCCCQCC
6965973314 MQCQCC
5568563128 MQCCCCQCCQCCCQCCCCQC
5517479283 MQCCCCQCC
8772681661 MQCCCQC
5354854273 MQCCCQCCCCQCCCC
5392719348 MQCCQCCQCC
6883412155 MQCQCCCCQCCCC
3761324124 MQCCCQCCCQCCC
7797357835 MQCC
4592829959 MQCQCCCQCCCQCCQ
4899471294 MQCCQC
8498721267 MQQCCCC
7268134422 MQCCQQCCQCCQCC
7886518833 MQCCCQCCQQCC
5693896764 MQC
4521922755 MQCQCCCQCCCQCCC
6365194189 MQCCQCCC
7777163444 MQCC
4394766616 MQCCQCCQCCC
9314944154 MQCQCCCQC
8658188162 MQCQCQQCCCCQCC
6435577277 MQCCQCCCCQCCCQQC
4215212515 MQCQQCQQCCC
3381977633 MQCCCQCCQQCCQCC
8258654966 MQCCCQ
7721275615 MQQCCC
2439718224 MQCCCQC
4198759295 MQCCCCQQQQ
9625562949 MQCCCQCCQCCCCQ
4428881349 MQCCCCQCCC
3184289226 MQCCCQC
2921174623 MQCQCQQCQC
9288153145 MQCCCQ
2679593724 MQQQQQCCCC
2358854783 MQCC
7947865228 MQC
4172534148 MQCCCQCCC
5774389559 MQCCCCQQQCCCCQCC
9489754875 MQCQCQ
2142595633 MQCQQCCCCQCCCC
3865894569 MQQCC
1731477714 MQQCCQCQCCC
8497164921 MQQC
7723859943 MQCCCQCCCCQCC
1455584291 MQC
2961258425 MQCCCQCQQCCQC
8411131428 MQC
8279343971 MQCC
9961923968 MQQ
7452262521 MQQCCCQCCCCQQCCCC
7853768191 MQQ
2369452817 MQCCCC
8388781496 MQCCCQQQ
2637792325 MQCCC
1428452797 MQCQ
3639864222 MQCCCCQC
2489742588 MQCQQCCQCC
7335378186 MQCQCCCCQCCQCCC
3424756324 MQQQCCCQCCC
3275512539 MQCCCCQCQQCCCC
1813685495 MQCCCQCC
3275754935 MQ
3891737456 MQCCCCQ
1548333583 MQCQCCCQCCQQCCC
1321537175 MQCCCC
8279964792 MQCCC
8458663643 MQCCCQQCCQC
2273515266 MQCCCCQCCQCCQC
7717149549 MQQCCCCQCCC
4542485475 MQQ
2262149277 MQCCC
8849371921 MQCCQCCCCQCCCQCCCC
4773537114 MQQCCQCCCCQCQCC
7572818834 MQCQCCCCQCCQCQC
3877221816 MQQCCQCCCQCCCCQCCC
6319523898 MQC
3148855412 MQCCCQ
4978339714 MQCCCQCCCCQCCQQCC
4269428385 MQCCCCQCCQC
7643255961 MQCCCQ
3937674448 MQQCQCCCQCCQC
4333449343 MQQCCCCQCCCQC
5298277569 MQCCCQCCQCCCCQCCQCCC
9589539419 MQQCCCCQCCCCQCCCC
9819611658 MQCC
5714951317 MQCQCCCQCCCCQCCQC
3817342224 MQQCCCQCCQCCCC
3391713934 MQCQCQCCCCQCC
6164124184 MQCCC
2988391119 MQCCCQCCQCQCCCQCC
2221159216 MQ
1442678743 MQQCCCCQCCQQCC
1678237368 MQQCCCCQCCQCCCC
8521177555 MQCCCQQQCQCC
9644475992 MQCCQCCC
1749361758 MQQCCCCQ
2448861346 MQQCCCQCCCQ
9963432258 MQCCQCCCQCQQCCC
4459329962 MQCCCCQC
1498114626 MQCC
3622268876 MQCQCCCCQCCQCC
2591492825 MQCCCCQCCCC
9971619279 MQCQQQC
7827584824 MQCCCC
3632152533 MQCC
2252643488 MQCCCQC
1194498788 MQCQCCCCQCCCCQCQCCCC
8794312973 MQCCQCCCQCCCC
9622152497 MQCCQCCCCQC
5181519933 MQCCCC
3876489915 MQ
4256952647 MQQCCCCQQCCCQC
1581933145 MQ
8231892514 MQCCCC
5941976742 MQCCCC
8552455892 MQCQCQ
7453931628 MQCQCQCQCC
3732114871 MQCCCQCCCQQCCCQCC
5581462541 MQQCCC
2214392262 MQCCCQCCCC
4565278315 MQCCCCQ
1287115999 MQCCQCCCC
1991213583 MQ
5271337912 MQCCCC
8655582218 MQCQQCCCQCCC
9517114676 MQCCCCQCCQ
3462571933 MQCCQCC
9483718261 MQQQQCC
8917795224 MQCC
2272356493 MQCCCCQCCCCQCC
9672623238 MQCCCCQCCCC
1292879512 MQCCCCQ
1214529459 MQQCQQCCCCQCCC
6789238834 MQCCCQCCC
2621381656 MQQQCCC
5167662783 MQQQCC
4855688496 MQCCCCQCCCC
2334391193 MQCQCCQCCQCC
3357566534 MQCCQCC
4914828337 MQCCQCCCQCCCQCCC
2675849262 MQCCQQCCC
7712525744 MQ
6345593935 MQCQQ
6321732431 MQCCCCQQCQCQC
1174323939 MQCCCQQCC
1267993814 MQ
6787288367 MQCCCQC
9675891719 MQCCCQCCQCCCCQCCCCQCC
9955589718 MQCCQQCCCC
1652552585 MQCCCC
2421872776 MQCQCQCQC
2991117728 MQCC
6862627887 MQCQCQCCCQCCCQCCCC
5772546477 MQCCCQQC
2488571661 MQCCCQ
3497763794 MQCC
5956551993 MQCCCQCCCQQQCC
8793873839 MQCCCQCCCQQQCC
3617678762 MQCCC
3669974415 MQCQCCCQCCQQCC
3355739192 MQCCCCQCCQCCCCQ
7337981246 MQCQCQCCCC
9218251988 MQCCQQQCQC
5882253923 MQCCCQCCCQCCQC
7356225267 MQQCCQCCCC
1427354273 MQC
1115221693 MQCCCCQCCQCCCCQCCCC
9117864932 MQCCCCQ
8522936841 MQCCQCCCC
4428988615 MQCCQCCCCQCQCCQ
2747515986 MQCQCCCC
1791868293 MQCQQCCCQCCCQCCC
4711684338 MQCCC
9197347965 MQCCCC
7679576465 MQCCCCQC
4921996828 MQC
9989127492 MQCC
7194721355 MQQCCCCQQ
3718966415 MQCCQ
8886278258 MQCQCCQCCQCQCCCC
5513419113 MQCCQC
6348977697 MQCCCQ
5727251671 MQCCCQCQCQCCCC
8852394144 MQCCCCQCCCQCCCCQQC
5767731551 MQCCQCQCCCCQCCCQCCCC
6695844381 MQCQCCCQCC
6547716976 MQCCCCQQQCCCCQCCCC
7542894397 MQCCCQCCCQCCQCCC
5162328783 MQCCQCCC
4992591837 MQCCCQCCCCQCCCC
2339594261 MQCCCCQCCCC
7269732395 MQC
6888724178 MQCCQCQCC
8815523778 MQQCCQCCQ
8159732671 MQQCC
4527371788 MQCQQCCCQCQCCCC
3384892634 MQQCCCQCCCQCQCC
6336323956 MQCCCCQQCCCC
3251597512 MQCCCQ
9493877921 MQCCQCCQCQC
8175128231 MQCQCQQCCC
7461241762 MQCCCCQQC
2174432258 MQCQC
3528379274 MQQCCCQCCCCQQCCC
5641888854 MQCQ
8888453577 MQCCCCQCCCC
6261855519 MQQCQCCCCQCCQCCCC
8543495491 MQQCCCCQCQCCCC
3793569589 MQQC
3778453173 MQCQCCCCQC
3853371959 MQCQCCCCQCQC
8335982651 MQQCCCQCC
5518878577 MQCCQCCCC
6366614513 MQCQCCCCQQCCCCQCCCC
3654941923 MQCCCQCQCCCQCCCQCCC
4977657259 MQCCQCCCQC
4381215887 MQCCCCQCCCQQCQCCC
1437334334 MQQCCQCQQCCCC
6523781384 MQQCCCCQCC
2137533729 MQQC
3187384861 MQQCCQCCCQCC
8724827811 MQ
7516883618 MQQQC
1496131572 MQCCQCQQCC
2762362691 MQQCQCQQCCC
2749687711 MQQCQCCCCQCCCC
5853123332 MQCCQCCCQQCQ
8338797645 MQCCCC
9713121176 MQCQ
1158428228 MQCCQCCQCC
7963571316 MQCCCQCCQCCQCCC
8731615652 MQCCCCQCCQCQCCCCQ
9581743597 MQCCCCQQCCC
8596244236 MQCCCQCCQQCCCQ
9498214948 MQ
3289844886 MQCCCCQCCCC
9591625251 MQQCC
2443751464 MQC
2145721386 MQQCCCQCC
6465147319 MQCCQCCCQCCC
6125852861 MQCCCCQCCCQCCCCQCQ
5499434751 MQCQCQCQCCC
8565388315 MQCCCCQCCCQCCCQCQC
7298547327 MQCCCQCCC
3325353638 MQCCCC
5477715366 MQCCCQCCCQQQCCC
6117821379 MQCCQCCCQCCC
1492825172 MQQQCCCQCCCCQCCC
7765784668 MQCCCCQCC
4534945564 MQQCCCC
9991692717 MQQCCQCCQ
8529668952 MQQCQCQCCCC
7116733795 MQQCQQC
1157176159 MQCCCQCQCCCC
8517721687 MQCCQCQC
4379124396 MQCCCCQCCQCCCCQCCCC
8878165544 MQQCCCQCCCCQCCCQCCC
3321194385 MQ
1556185127 MQCCCQQCCCCQCCCQCC
9242422363 MQQCCQQCCCC
4822574313 MQCCCQCCCCQCCQCCCCQCCC
4771498676 MQCQCQCCCCQCCCCQCCCC
2213178372 MQCCCCQCC
5332158866 MQCCCCQCCCCQCCCCQCCCC
3676178683 MQCC
2594823653 MQCCCC
4953325645 MQ
6454285555 MQCCQCCCQCCCCQCCC
9229338947 MQCCQCCC
4348126374 MQCCCCQ
3851564586 MQCCCQC
2213221216 MQ
3697743542 MQQCCQQC
5479279882 MQCCCCQCCC
9653782845 MQCCQ
9331331897 MQCCCQCCQC
6121221126 MQC
4327933757 MQCCCCQCCCCQCCQCC
4731318624 MQQ
7292592832 MQCCCQQQCCCCQCC
3793276623 MQCQCQCCCQCC
2952961185 MQCCCCQCCCQCQCCCC
1142891454 MQQCC
3592492496 MQCCCC
3949237863 MQCCQ
6573533413 MQCC
5784589765 MQ
5156136131 MQCCCQC
4892785242 MQCCCC
3968896746 MQQC
2676559658 MQ
4117775589 MQCCCC
3542121476 MQCCCC
2716829746 MQCCCC
4334595627 MQCCCQQCCCCQCC
1186885724 MQCQCCQQCQCC
6116134649 MQCCCC
5483322774 MQCCCQCQCCQCCCCQ
4241755594 MQQCC
9832621373 MQCCCCQQCCQC
7425377812 MQCCCCQCQCCQCCCQCCC
8889675752 MQCQCCC
